Build started 8/31/2015 1:44:59 PM.
     1>Project "C:\Users\307\Desktop\SP1\SP1-Team5\SP1-Team5\SP1-Team5.vcxproj" on node 2 (build target(s)).
     1>InitializeBuildStatus:
         Touching "Debug\SP1-Team5.unsuccessfulbuild".
       ClCompile:
         All outputs are up-to-date.
       ManifestResourceCompile:
         All outputs are up-to-date.
       Link:
         c:\Program Files (x86)\Microsoft Visual Studio 10.0\VC\bin\link.exe /ERRORREPORT:PROMPT /OUT:"C:\Users\307\Desktop\SP1\SP1-Team5\Debug\SP1-Team5.exe" /INCREMENTAL /NOLOGO winmm.lib kernel32.lib user32.lib gdi32.lib winspool.lib comdlg32.lib advapi32.lib shell32.lib ole32.lib oleaut32.lib uuid.lib odbc32.lib odbccp32.lib /MANIFEST /ManifestFile:"Debug\SP1-Team5.exe.intermediate.manifest" /MANIFESTUAC:"level='asInvoker' uiAccess='false'" /DEBUG /PDB:"C:\Users\307\Desktop\SP1\SP1-Team5\Debug\SP1-Team5.pdb" /SUBSYSTEM:CONSOLE /TLBID:1 /DYNAMICBASE /NXCOMPAT /IMPLIB:"C:\Users\307\Desktop\SP1\SP1-Team5\Debug\SP1-Team5.lib" /MACHINE:X86 "Debug\SP1-Team5.exe.embed.manifest.res"
         Debug\clock.obj
         Debug\FOE_Movement.obj
         Debug\functions.obj
         Debug\game.obj
         Debug\GameMenu.obj
         Debug\highscore.obj
         Debug\main.obj
         Debug\MazeCustom.obj
         Debug\MazeGenerator.obj
         Debug\player.obj
         Debug\sounds.obj
       Manifest:
         C:\Program Files (x86)\Microsoft SDKs\Windows\v7.0A\bin\mt.exe /nologo /verbose /out:"Debug\SP1-Team5.exe.embed.manifest" /manifest "Debug\SP1-Team5.exe.intermediate.manifest"
         All outputs are up-to-date.
       LinkEmbedManifest:
         All outputs are up-to-date.
         SP1-Team5.vcxproj -> C:\Users\307\Desktop\SP1\SP1-Team5\Debug\SP1-Team5.exe
       FinalizeBuildStatus:
         Deleting file "Debug\SP1-Team5.unsuccessfulbuild".
         Touching "Debug\SP1-Team5.lastbuildstate".
     1>Done Building Project "C:\Users\307\Desktop\SP1\SP1-Team5\SP1-Team5\SP1-Team5.vcxproj" (build target(s)).

Build succeeded.

Time Elapsed 00:00:00.28
